<?xml version="1.0" encoding="UTF-8"?>
<!-- Generated by org.testng.reporters.JUnitXMLReporter -->
<testsuite hostname="FEI1026227" ignored="0" name="Surefire test" tests="6" failures="0" timestamp="05 Jun 2019 18:50:13 GMT" time="0.033" errors="0">
  <testcase name="IOSApps" time="0.006" classname="kristesting.AppiumTest"/>
  <testcase name="nativeAppAndroid" time="0.001" classname="kristesting.AppiumTest"/>
  <testcase name="deleteTwitter" time="0.0" classname="kristesting.RESTAPITest"/>
  <testcase name="postJira" time="0.0" classname="kristesting.RESTAPITest"/>
  <testcase name="BrowserAutomation" time="0.0" classname="kristesting.SeleniumTest"/>
  <testcase name="elementsUI" time="0.001" classname="kristesting.SeleniumTest"/>
</testsuite> <!-- Surefire test -->
